✅ Study resource tables ensured successfully
✅ Notification tables ensured successfully
INFO:bulk_upload.bulk_upload_handler:'queries' table ensured in database.
Server initialized for threading.
INFO:engineio.server:Server initialized for threading.
🧹 Session cleanup service started
🚀 Session cleanup service started
🚀 Starting server with HTTP...
🌐 Access your app at: http://localhost:10000
⚠️  Note: WebRTC features will not work without HTTPS!
🧹 Session cleanup service started - will clean stale sessions every hour
WARNING:werkzeug:Werkzeug appears to be used in a production deployment. Consider switching to a production web server instead.
 * Serving Flask app 'app'
🧹 Session cleanup service started * Debug mode: off

INFO:werkzeug:[31m[1mWARNING: This is a development server. Do not use it in a production deployment. Use a production WSGI server instead.[0m
 * Running on all addresses (0.0.0.0)
 * Running on http://127.0.0.1:10000
 * Running on http://172.30.0.2:10000
INFO:werkzeug:[33mPress CTRL+C to quit[0m
2025-08-28 14:57:17,874 [INFO] root: 📜 Logging initialized. Writing to /workspace/server.log
🧹 Session cleanup service started
🚀 Session cleanup service started
🚀 Starting server with HTTP...
🌐 Access your app at: http://localhost:10000
⚠️  Note: WebRTC features will not work without HTTPS!
🧹 Session cleanup service started - will clean stale sessions every hour
🧹 Session cleanup service started
 * Serving Flask app 'app'
 * Debug mode: off
2025-08-28 14:57:17,877 [INFO] werkzeug: [31m[1mWARNING: This is a development server. Do not use it in a production deployment. Use a production WSGI server instead.[0m
 * Running on all addresses (0.0.0.0)
 * Running on http://127.0.0.1:10000
 * Running on http://172.30.0.2:10000
2025-08-28 14:57:17,877 [INFO] werkzeug: [31m[1mWARNING: This is a development server. Do not use it in a production deployment. Use a production WSGI server instead.[0m
 * Running on all addresses (0.0.0.0)
 * Running on http://127.0.0.1:10000
 * Running on http://172.30.0.2:10000
2025-08-28 14:57:17,877 [INFO] werkzeug: [33mPress CTRL+C to quit[0m
2025-08-28 14:57:17,877 [INFO] werkzeug: [33mPress CTRL+C to quit[0m
🧹 Session cleanup service started
2025-08-28 16:30:52,959 [INFO] werkzeug: 127.0.0.1 - - [28/Aug/2025 16:30:52] "[32mGET /online-class HTTP/1.1[0m" 302 -
2025-08-28 16:30:52,959 [INFO] werkzeug: 127.0.0.1 - - [28/Aug/2025 16:30:52] "[32mGET /online-class HTTP/1.1[0m" 302 -
2025-08-28 16:30:57,937 [INFO] werkzeug: 127.0.0.1 - - [28/Aug/2025 16:30:57] "GET /auth HTTP/1.1" 200 -
2025-08-28 16:30:57,937 [INFO] werkzeug: 127.0.0.1 - - [28/Aug/2025 16:30:57] "GET /auth HTTP/1.1" 200 -
2025-08-28 16:44:12,824 [INFO] werkzeug: 127.0.0.1 - - [28/Aug/2025 16:44:12] "GET / HTTP/1.1" 200 -
2025-08-28 16:44:12,824 [INFO] werkzeug: 127.0.0.1 - - [28/Aug/2025 16:44:12] "GET / HTTP/1.1" 200 -
2025-09-01 11:01:36,713 [INFO] root: 📜 Logging initialized. Writing to /workspace/server.log
🧹 Session cleanup service started
🚀 Session cleanup service started
🚀 Starting server with HTTP...
🌐 Access your app at: http://localhost:10000
⚠️  Note: WebRTC features will not work without HTTPS!
🧹 Session cleanup service started - will clean stale sessions every hour
🧹 Session cleanup service started
 * Serving Flask app 'app'
 * Debug mode: off
2025-09-01 11:01:36,715 [INFO] werkzeug: [31m[1mWARNING: This is a development server. Do not use it in a production deployment. Use a production WSGI server instead.[0m
 * Running on all addresses (0.0.0.0)
 * Running on http://127.0.0.1:10000
 * Running on http://172.30.0.2:10000
2025-09-01 11:01:36,715 [INFO] werkzeug: [31m[1mWARNING: This is a development server. Do not use it in a production deployment. Use a production WSGI server instead.[0m
 * Running on all addresses (0.0.0.0)
 * Running on http://127.0.0.1:10000
 * Running on http://172.30.0.2:10000
2025-09-01 11:01:36,716 [INFO] werkzeug: [33mPress CTRL+C to quit[0m
2025-09-01 11:01:36,716 [INFO] werkzeug: [33mPress CTRL+C to quit[0m
2025-09-01 11:01:46,330 [INFO] werkzeug: 127.0.0.1 - - [01/Sep/2025 11:01:46] "[32mHEAD /study-resources HTTP/1.1[0m" 302 -
2025-09-01 11:01:46,330 [INFO] werkzeug: 127.0.0.1 - - [01/Sep/2025 11:01:46] "[32mHEAD /study-resources HTTP/1.1[0m" 302 -
2025-09-01 11:03:03,749 [INFO] root: 📜 Logging initialized. Writing to /workspace/server.log
🧹 Session cleanup service started
🚀 Session cleanup service started
🚀 Starting server with HTTP...
🌐 Access your app at: http://localhost:10000
⚠️  Note: WebRTC features will not work without HTTPS!
🧹 Session cleanup service started - will clean stale sessions every hour
🧹 Session cleanup service started
 * Serving Flask app 'app'
 * Debug mode: off
2025-09-01 11:03:03,752 [INFO] werkzeug: [31m[1mWARNING: This is a development server. Do not use it in a production deployment. Use a production WSGI server instead.[0m
 * Running on all addresses (0.0.0.0)
 * Running on http://127.0.0.1:10000
 * Running on http://172.30.0.2:10000
2025-09-01 11:03:03,752 [INFO] werkzeug: [31m[1mWARNING: This is a development server. Do not use it in a production deployment. Use a production WSGI server instead.[0m
 * Running on all addresses (0.0.0.0)
 * Running on http://127.0.0.1:10000
 * Running on http://172.30.0.2:10000
2025-09-01 11:03:03,752 [INFO] werkzeug: [33mPress CTRL+C to quit[0m
2025-09-01 11:03:03,752 [INFO] werkzeug: [33mPress CTRL+C to quit[0m
2025-09-01 11:03:06,339 [INFO] werkzeug: 127.0.0.1 - - [01/Sep/2025 11:03:06] "HEAD /auth HTTP/1.1" 200 -
2025-09-01 11:03:06,339 [INFO] werkzeug: 127.0.0.1 - - [01/Sep/2025 11:03:06] "HEAD /auth HTTP/1.1" 200 -
2025-09-01 11:03:13,297 [INFO] werkzeug: 127.0.0.1 - - [01/Sep/2025 11:03:13] "[32mHEAD /study-resources HTTP/1.1[0m" 302 -
2025-09-01 11:03:13,297 [INFO] werkzeug: 127.0.0.1 - - [01/Sep/2025 11:03:13] "[32mHEAD /study-resources HTTP/1.1[0m" 302 -
2025-09-01 11:04:02,343 [INFO] werkzeug: 127.0.0.1 - - [01/Sep/2025 11:04:02] "POST /auth HTTP/1.1" 200 -
2025-09-01 11:04:02,343 [INFO] werkzeug: 127.0.0.1 - - [01/Sep/2025 11:04:02] "POST /auth HTTP/1.1" 200 -
2025-09-01 11:04:25,011 [INFO] werkzeug: 127.0.0.1 - - [01/Sep/2025 11:04:25] "[32mPOST /auth HTTP/1.1[0m" 302 -
2025-09-01 11:04:25,011 [INFO] werkzeug: 127.0.0.1 - - [01/Sep/2025 11:04:25] "[32mPOST /auth HTTP/1.1[0m" 302 -
2025-09-01 11:04:29,381 [INFO] werkzeug: 127.0.0.1 - - [01/Sep/2025 11:04:29] "[32mHEAD /study-resources HTTP/1.1[0m" 302 -
2025-09-01 11:04:29,381 [INFO] werkzeug: 127.0.0.1 - - [01/Sep/2025 11:04:29] "[32mHEAD /study-resources HTTP/1.1[0m" 302 -
2025-09-01 11:04:45,707 [INFO] werkzeug: 127.0.0.1 - - [01/Sep/2025 11:04:45] "[32mHEAD /study-resources HTTP/1.1[0m" 302 -
2025-09-01 11:04:45,707 [INFO] werkzeug: 127.0.0.1 - - [01/Sep/2025 11:04:45] "[32mHEAD /study-resources HTTP/1.1[0m" 302 -
2025-09-01 11:04:51,069 [INFO] werkzeug: 127.0.0.1 - - [01/Sep/2025 11:04:51] "[32mPOST /auth HTTP/1.1[0m" 302 -
2025-09-01 11:04:51,069 [INFO] werkzeug: 127.0.0.1 - - [01/Sep/2025 11:04:51] "[32mPOST /auth HTTP/1.1[0m" 302 -
2025-09-01 11:04:58,929 [INFO] werkzeug: 127.0.0.1 - - [01/Sep/2025 11:04:58] "[32mPOST /auth HTTP/1.1[0m" 302 -
2025-09-01 11:04:58,929 [INFO] werkzeug: 127.0.0.1 - - [01/Sep/2025 11:04:58] "[32mPOST /auth HTTP/1.1[0m" 302 -
2025-09-01 11:07:24,489 [INFO] root: 📜 Logging initialized. Writing to /workspace/server.log
🧹 Session cleanup service started
🚀 Session cleanup service started
🚀 Starting server with HTTP...
🌐 Access your app at: http://localhost:10000
⚠️  Note: WebRTC features will not work without HTTPS!
🧹 Session cleanup service started - will clean stale sessions every hour
🧹 Session cleanup service started
 * Serving Flask app 'app'
 * Debug mode: off
2025-09-01 11:07:24,492 [INFO] werkzeug: [31m[1mWARNING: This is a development server. Do not use it in a production deployment. Use a production WSGI server instead.[0m
 * Running on all addresses (0.0.0.0)
 * Running on http://127.0.0.1:10000
 * Running on http://172.30.0.2:10000
2025-09-01 11:07:24,492 [INFO] werkzeug: [31m[1mWARNING: This is a development server. Do not use it in a production deployment. Use a production WSGI server instead.[0m
 * Running on all addresses (0.0.0.0)
 * Running on http://127.0.0.1:10000
 * Running on http://172.30.0.2:10000
2025-09-01 11:07:24,492 [INFO] werkzeug: [33mPress CTRL+C to quit[0m
2025-09-01 11:07:24,492 [INFO] werkzeug: [33mPress CTRL+C to quit[0m
2025-09-01 11:08:19,133 [INFO] werkzeug: 127.0.0.1 - - [01/Sep/2025 11:08:19] "[32mHEAD /study-resources HTTP/1.1[0m" 302 -
2025-09-01 11:08:19,133 [INFO] werkzeug: 127.0.0.1 - - [01/Sep/2025 11:08:19] "[32mHEAD /study-resources HTTP/1.1[0m" 302 -
2025-09-01 11:09:14,355 [INFO] werkzeug: 127.0.0.1 - - [01/Sep/2025 11:09:14] "[32mPOST /auth HTTP/1.1[0m" 302 -
2025-09-01 11:09:14,355 [INFO] werkzeug: 127.0.0.1 - - [01/Sep/2025 11:09:14] "[32mPOST /auth HTTP/1.1[0m" 302 -
Unexpected error in study_resources route: too many values to unpack (expected 6)
2025-09-01 11:12:48,968 [INFO] werkzeug: 127.0.0.1 - - [01/Sep/2025 11:12:48] "[32mHEAD /study-resources HTTP/1.1[0m" 302 -
2025-09-01 11:12:48,968 [INFO] werkzeug: 127.0.0.1 - - [01/Sep/2025 11:12:48] "[32mHEAD /study-resources HTTP/1.1[0m" 302 -
2025-09-01 11:20:56,369 [INFO] werkzeug: 127.0.0.1 - - [01/Sep/2025 11:20:56] "[32mPOST /auth HTTP/1.1[0m" 302 -
2025-09-01 11:20:56,369 [INFO] werkzeug: 127.0.0.1 - - [01/Sep/2025 11:20:56] "[32mPOST /auth HTTP/1.1[0m" 302 -
Unexpected error in study_resources route: too many values to unpack (expected 6)
2025-09-01 11:20:59,955 [INFO] werkzeug: 127.0.0.1 - - [01/Sep/2025 11:20:59] "[32mHEAD /study-resources HTTP/1.1[0m" 302 -
2025-09-01 11:20:59,955 [INFO] werkzeug: 127.0.0.1 - - [01/Sep/2025 11:20:59] "[32mHEAD /study-resources HTTP/1.1[0m" 302 -
2025-09-01 11:21:12,547 [INFO] root: 📜 Logging initialized. Writing to /workspace/server.log
🧹 Session cleanup service started
🚀 Session cleanup service started
🚀 Starting server with HTTP...
🌐 Access your app at: http://localhost:10000
⚠️  Note: WebRTC features will not work without HTTPS!
🧹 Session cleanup service started - will clean stale sessions every hour
 * Serving Flask app 'app'
 * Debug mode: off
🧹 Session cleanup service started
2025-09-01 11:21:12,550 [INFO] werkzeug: [31m[1mWARNING: This is a development server. Do not use it in a production deployment. Use a production WSGI server instead.[0m
 * Running on all addresses (0.0.0.0)
 * Running on http://127.0.0.1:10000
 * Running on http://172.30.0.2:10000
2025-09-01 11:21:12,550 [INFO] werkzeug: [31m[1mWARNING: This is a development server. Do not use it in a production deployment. Use a production WSGI server instead.[0m
 * Running on all addresses (0.0.0.0)
 * Running on http://127.0.0.1:10000
 * Running on http://172.30.0.2:10000
2025-09-01 11:21:12,550 [INFO] werkzeug: [33mPress CTRL+C to quit[0m
2025-09-01 11:21:12,550 [INFO] werkzeug: [33mPress CTRL+C to quit[0m
2025-09-01 11:21:17,033 [INFO] root: 📜 Logging initialized. Writing to /workspace/server.log
🧹 Session cleanup service started
🚀 Session cleanup service started
🚀 Starting server with HTTP...
🌐 Access your app at: http://localhost:10000
⚠️  Note: WebRTC features will not work without HTTPS!
🧹 Session cleanup service started - will clean stale sessions every hour
🧹 Session cleanup service started
 * Serving Flask app 'app'
 * Debug mode: off
Address already in use
Port 10000 is in use by another program. Either identify and stop that program, or start the server with a different port.
2025-09-01 11:21:18,454 [INFO] werkzeug: 127.0.0.1 - - [01/Sep/2025 11:21:18] "HEAD / HTTP/1.1" 200 -
2025-09-01 11:21:18,454 [INFO] werkzeug: 127.0.0.1 - - [01/Sep/2025 11:21:18] "HEAD / HTTP/1.1" 200 -
2025-09-01 11:21:20,878 [INFO] werkzeug: 127.0.0.1 - - [01/Sep/2025 11:21:20] "[32mPOST /auth HTTP/1.1[0m" 302 -
2025-09-01 11:21:20,878 [INFO] werkzeug: 127.0.0.1 - - [01/Sep/2025 11:21:20] "[32mPOST /auth HTTP/1.1[0m" 302 -
2025-09-01 11:21:22,942 [INFO] werkzeug: 127.0.0.1 - - [01/Sep/2025 11:21:22] "HEAD /study-resources HTTP/1.1" 200 -
2025-09-01 11:21:22,942 [INFO] werkzeug: 127.0.0.1 - - [01/Sep/2025 11:21:22] "HEAD /study-resources HTTP/1.1" 200 -
2025-09-01 11:21:25,383 [INFO] werkzeug: 127.0.0.1 - - [01/Sep/2025 11:21:25] "GET /study-resources HTTP/1.1" 200 -
2025-09-01 11:21:25,383 [INFO] werkzeug: 127.0.0.1 - - [01/Sep/2025 11:21:25] "GET /study-resources HTTP/1.1" 200 -
2025-09-15 16:51:30,482 [INFO] root: 📜 Logging initialized. Writing to /workspace/server.log
🧹 Session cleanup service started
🚀 Session cleanup service started
🚀 Starting server with HTTP...
🌐 Access your app at: http://localhost:10000
⚠️  Note: WebRTC features will not work without HTTPS!
🧹 Session cleanup service started - will clean stale sessions every hour
🧹 Session cleanup service started
 * Serving Flask app 'app'
 * Debug mode: off
2025-09-15 16:51:30,485 [INFO] werkzeug: [31m[1mWARNING: This is a development server. Do not use it in a production deployment. Use a production WSGI server instead.[0m
 * Running on all addresses (0.0.0.0)
 * Running on http://127.0.0.1:10000
 * Running on http://172.30.0.2:10000
2025-09-15 16:51:30,485 [INFO] werkzeug: [31m[1mWARNING: This is a development server. Do not use it in a production deployment. Use a production WSGI server instead.[0m
 * Running on all addresses (0.0.0.0)
 * Running on http://127.0.0.1:10000
 * Running on http://172.30.0.2:10000
2025-09-15 16:51:30,485 [INFO] werkzeug: [33mPress CTRL+C to quit[0m
2025-09-15 16:51:30,485 [INFO] werkzeug: [33mPress CTRL+C to quit[0m
2025-09-15 16:52:01,703 [INFO] werkzeug: 127.0.0.1 - - [15/Sep/2025 16:52:01] "GET / HTTP/1.1" 200 -
2025-09-15 16:52:01,703 [INFO] werkzeug: 127.0.0.1 - - [15/Sep/2025 16:52:01] "GET / HTTP/1.1" 200 -
2025-09-15 17:03:19,007 [INFO] werkzeug: 127.0.0.1 - - [15/Sep/2025 17:03:19] "[32mGET /online-class HTTP/1.1[0m" 302 -
2025-09-15 17:03:19,007 [INFO] werkzeug: 127.0.0.1 - - [15/Sep/2025 17:03:19] "[32mGET /online-class HTTP/1.1[0m" 302 -
2025-09-15 17:03:19,019 [INFO] werkzeug: 127.0.0.1 - - [15/Sep/2025 17:03:19] "[33mGET /notifications HTTP/1.1[0m" 404 -
2025-09-15 17:03:19,019 [INFO] werkzeug: 127.0.0.1 - - [15/Sep/2025 17:03:19] "[33mGET /notifications HTTP/1.1[0m" 404 -
2025-09-15 17:03:19,029 [INFO] werkzeug: 127.0.0.1 - - [15/Sep/2025 17:03:19] "[33mGET /api/live-classes/status HTTP/1.1[0m" 404 -
2025-09-15 17:03:19,029 [INFO] werkzeug: 127.0.0.1 - - [15/Sep/2025 17:03:19] "[33mGET /api/live-classes/status HTTP/1.1[0m" 404 -
2025-09-15 17:04:01,268 [INFO] root: 📜 Logging initialized. Writing to /workspace/server.log
🧹 Session cleanup service started
🚀 Session cleanup service started
🚀 Starting server with HTTP...
🌐 Access your app at: http://localhost:10000
⚠️  Note: WebRTC features will not work without HTTPS!
🧹 Session cleanup service started - will clean stale sessions every hour
🧹 Session cleanup service started
 * Serving Flask app 'app'
 * Debug mode: off
2025-09-15 17:04:01,271 [INFO] werkzeug: [31m[1mWARNING: This is a development server. Do not use it in a production deployment. Use a production WSGI server instead.[0m
 * Running on all addresses (0.0.0.0)
 * Running on http://127.0.0.1:10000
 * Running on http://172.30.0.2:10000
2025-09-15 17:04:01,271 [INFO] werkzeug: [31m[1mWARNING: This is a development server. Do not use it in a production deployment. Use a production WSGI server instead.[0m
 * Running on all addresses (0.0.0.0)
 * Running on http://127.0.0.1:10000
 * Running on http://172.30.0.2:10000
2025-09-15 17:04:01,271 [INFO] werkzeug: [33mPress CTRL+C to quit[0m
2025-09-15 17:04:01,271 [INFO] werkzeug: [33mPress CTRL+C to quit[0m
2025-09-15 17:05:02,361 [INFO] root: 📜 Logging initialized. Writing to /workspace/server.log
🧹 Session cleanup service started
🚀 Session cleanup service started
🚀 Starting server with HTTP...
🌐 Access your app at: http://localhost:10000
⚠️  Note: WebRTC features will not work without HTTPS!
🧹 Session cleanup service started - will clean stale sessions every hour
🧹 Session cleanup service started
 * Serving Flask app 'app'
 * Debug mode: off
Address already in use
Port 10000 is in use by another program. Either identify and stop that program, or start the server with a different port.
2025-09-15 17:05:04,740 [INFO] werkzeug: 127.0.0.1 - - [15/Sep/2025 17:05:04] "GET / HTTP/1.1" 200 -
2025-09-15 17:05:04,740 [INFO] werkzeug: 127.0.0.1 - - [15/Sep/2025 17:05:04] "GET / HTTP/1.1" 200 -
2025-09-15 17:05:04,747 [INFO] werkzeug: 127.0.0.1 - - [15/Sep/2025 17:05:04] "[32mGET /online-class HTTP/1.1[0m" 302 -
2025-09-15 17:05:04,747 [INFO] werkzeug: 127.0.0.1 - - [15/Sep/2025 17:05:04] "[32mGET /online-class HTTP/1.1[0m" 302 -
2025-09-15 17:05:04,755 [INFO] werkzeug: 127.0.0.1 - - [15/Sep/2025 17:05:04] "[32mGET /notifications HTTP/1.1[0m" 302 -
2025-09-15 17:05:04,755 [INFO] werkzeug: 127.0.0.1 - - [15/Sep/2025 17:05:04] "[32mGET /notifications HTTP/1.1[0m" 302 -
2025-09-15 17:05:04,765 [INFO] werkzeug: 127.0.0.1 - - [15/Sep/2025 17:05:04] "[33mGET /api/live-classes/status HTTP/1.1[0m" 404 -
2025-09-15 17:05:04,765 [INFO] werkzeug: 127.0.0.1 - - [15/Sep/2025 17:05:04] "[33mGET /api/live-classes/status HTTP/1.1[0m" 404 -
2025-09-15 17:05:30,458 [INFO] werkzeug: 127.0.0.1 - - [15/Sep/2025 17:05:30] "[33mGET /api/live-classes/status HTTP/1.1[0m" 404 -
2025-09-15 17:05:30,458 [INFO] werkzeug: 127.0.0.1 - - [15/Sep/2025 17:05:30] "[33mGET /api/live-classes/status HTTP/1.1[0m" 404 -
2025-09-15 17:06:04,063 [INFO] werkzeug: 127.0.0.1 - - [15/Sep/2025 17:06:04] "[33mGET /__routes__ HTTP/1.1[0m" 404 -
2025-09-15 17:06:04,063 [INFO] werkzeug: 127.0.0.1 - - [15/Sep/2025 17:06:04] "[33mGET /__routes__ HTTP/1.1[0m" 404 -
2025-09-15 17:06:35,815 [INFO] root: 📜 Logging initialized. Writing to /workspace/server.log
🧹 Session cleanup service started
🚀 Session cleanup service started
🚀 Starting server with HTTP...
🌐 Access your app at: http://localhost:10000
⚠️  Note: WebRTC features will not work without HTTPS!
🧹 Session cleanup service started - will clean stale sessions every hour
 * Serving Flask app 'app'
 * Debug mode: off
🧹 Session cleanup service started
2025-09-15 17:06:35,818 [INFO] werkzeug: [31m[1mWARNING: This is a development server. Do not use it in a production deployment. Use a production WSGI server instead.[0m
 * Running on all addresses (0.0.0.0)
 * Running on http://127.0.0.1:10000
 * Running on http://172.30.0.2:10000
2025-09-15 17:06:35,818 [INFO] werkzeug: [31m[1mWARNING: This is a development server. Do not use it in a production deployment. Use a production WSGI server instead.[0m
 * Running on all addresses (0.0.0.0)
 * Running on http://127.0.0.1:10000
 * Running on http://172.30.0.2:10000
2025-09-15 17:06:35,818 [INFO] werkzeug: [33mPress CTRL+C to quit[0m
2025-09-15 17:06:35,818 [INFO] werkzeug: [33mPress CTRL+C to quit[0m
2025-09-15 17:06:39,356 [INFO] werkzeug: 127.0.0.1 - - [15/Sep/2025 17:06:39] "GET / HTTP/1.1" 200 -
2025-09-15 17:06:39,356 [INFO] werkzeug: 127.0.0.1 - - [15/Sep/2025 17:06:39] "GET / HTTP/1.1" 200 -
2025-09-15 17:06:39,362 [INFO] werkzeug: 127.0.0.1 - - [15/Sep/2025 17:06:39] "[32mGET /api/live-classes/status HTTP/1.1[0m" 302 -
2025-09-15 17:06:39,362 [INFO] werkzeug: 127.0.0.1 - - [15/Sep/2025 17:06:39] "[32mGET /api/live-classes/status HTTP/1.1[0m" 302 -
2025-09-15 17:06:39,369 [INFO] werkzeug: 127.0.0.1 - - [15/Sep/2025 17:06:39] "[32mGET /online-class HTTP/1.1[0m" 302 -
2025-09-15 17:06:39,369 [INFO] werkzeug: 127.0.0.1 - - [15/Sep/2025 17:06:39] "[32mGET /online-class HTTP/1.1[0m" 302 -
--- Logging error ---
Traceback (most recent call last):
  File "C:\Program Files\Python313\Lib\logging\__init__.py", line 1154, in emit
    stream.write(msg + self.terminator)
    ~~~~~~~~~~~~^^^^^^^^^^^^^^^^^^^^^^^
  File "C:\Program Files\Python313\Lib\encodings\cp1252.py", line 19, in encode
    return codecs.charmap_encode(input,self.errors,encoding_table)[0]
           ~~~~~~~~~~~~~~~~~~~~~^^^^^^^^^^^^^^^^^^^^^^^^^^^^^^^^^^
UnicodeEncodeError: 'charmap' codec can't encode character '\U0001f4dc' in position 37: character maps to <undefined>
Call stack:
--- Logging error ---
Traceback (most recent call last):
  File "C:\Program Files\Python313\Lib\logging\__init__.py", line 1154, in emit
    stream.write(msg + self.terminator)
    ~~~~~~~~~~~~^^^^^^^^^^^^^^^^^^^^^^^
  File "C:\Program Files\Python313\Lib\encodings\cp1252.py", line 19, in encode
    return codecs.charmap_encode(input,self.errors,encoding_table)[0]
           ~~~~~~~~~~~~~~~~~~~~~^^^^^^^^^^^^^^^^^^^^^^^^^^^^^^^^^^
UnicodeEncodeError: 'charmap' codec can't encode character '\U0001f4dc' in position 37: character maps to <undefined>

During handling of the above exception, another exception occurred:

Traceback (most recent call last):
  File "C:\Program Files\Python313\Lib\logging\handlers.py", line 81, in emit
    logging.FileHandler.emit(self, record)
    ~~~~~~~~~~~~~~~~~~~~~~~~^^^^^^^^^^^^^^
  File "C:\Program Files\Python313\Lib\logging\__init__.py", line 1265, in emit
    StreamHandler.emit(self, record)
    ~~~~~~~~~~~~~~~~~~^^^^^^^^^^^^^^
  File "C:\Program Files\Python313\Lib\logging\__init__.py", line 1159, in emit
    self.handleError(record)
    ~~~~~~~~~~~~~~~~^^^^^^^^
  File "C:\Program Files\Python313\Lib\logging\__init__.py", line 1085, in handleError
    traceback.print_stack(frame, file=sys.stderr)
    ~~~~~~~~~~~~~~~~~~~~~^^^^^^^^^^^^^^^^^^^^^^^^
  File "C:\Program Files\Python313\Lib\traceback.py", line 239, in print_stack
    print_list(extract_stack(f, limit=limit), file=file)
    ~~~~~~~~~~^^^^^^^^^^^^^^^^^^^^^^^^^^^^^^^^^^^^^^^^^^
  File "C:\Program Files\Python313\Lib\traceback.py", line 31, in print_list
    print(item, file=file, end="")
    ~~~~~^^^^^^^^^^^^^^^^^^^^^^^^^
  File "C:\Program Files\Python313\Lib\encodings\cp1252.py", line 19, in encode
    return codecs.charmap_encode(input,self.errors,encoding_table)[0]
           ~~~~~~~~~~~~~~~~~~~~~^^^^^^^^^^^^^^^^^^^^^^^^^^^^^^^^^^
UnicodeEncodeError: 'charmap' codec can't encode character '\U0001f4dc' in position 119: character maps to <undefined>
Call stack:
Traceback (most recent call last):
  File "C:\Users\YASH\OneDrive\Documents\Sunrise-Educational-Centre\app.py", line 7168, in <module>
    cleanup_stale_sessions()
    ~~~~~~~~~~~~~~~~~~~~~~^^
Traceback (most recent call last):
  File "C:\Users\YASH\OneDrive\Documents\Sunrise-Educational-Centre\app.py", line 7168, in <module>
    cleanup_stale_sessions()
  File "C:\Users\YASH\OneDrive\Documents\Sunrise-Educational-Centre\app.py", line 5979, in cleanup_stale_sessions
      File "C:\Program Files\Python313\Lib\encodings\cp1252.py", line 19, in encode
    return codecs.charmap_encode(input,self.errors,encoding_table)[0]
UnicodeEncodeError: 'charmap' codec can't encode character '\U0001f9f9' in position 0: character maps to <undefined>
--- Logging error ---
Traceback (most recent call last):
  File "C:\Program Files\Python313\Lib\logging\__init__.py", line 1154, in emit
    stream.write(msg + self.terminator)
    ~~~~~~~~~~~~^^^^^^^^^^^^^^^^^^^^^^^
  File "C:\Program Files\Python313\Lib\encodings\cp1252.py", line 19, in encode
    return codecs.charmap_encode(input,self.errors,encoding_table)[0]
           ~~~~~~~~~~~~~~~~~~~~~^^^^^^^^^^^^^^^^^^^^^^^^^^^^^^^^^^
UnicodeEncodeError: 'charmap' codec can't encode character '\U0001f4dc' in position 37: character maps to <undefined>
Call stack:
--- Logging error ---
Traceback (most recent call last):
  File "C:\Program Files\Python313\Lib\logging\__init__.py", line 1154, in emit
    stream.write(msg + self.terminator)
    ~~~~~~~~~~~~^^^^^^^^^^^^^^^^^^^^^^^
  File "C:\Program Files\Python313\Lib\encodings\cp1252.py", line 19, in encode
    return codecs.charmap_encode(input,self.errors,encoding_table)[0]
           ~~~~~~~~~~~~~~~~~~~~~^^^^^^^^^^^^^^^^^^^^^^^^^^^^^^^^^^
UnicodeEncodeError: 'charmap' codec can't encode character '\U0001f4dc' in position 37: character maps to <undefined>

During handling of the above exception, another exception occurred:

Traceback (most recent call last):
  File "C:\Program Files\Python313\Lib\logging\handlers.py", line 81, in emit
    logging.FileHandler.emit(self, record)
    ~~~~~~~~~~~~~~~~~~~~~~~~^^^^^^^^^^^^^^
  File "C:\Program Files\Python313\Lib\logging\__init__.py", line 1265, in emit
    StreamHandler.emit(self, record)
    ~~~~~~~~~~~~~~~~~~^^^^^^^^^^^^^^
  File "C:\Program Files\Python313\Lib\logging\__init__.py", line 1159, in emit
    self.handleError(record)
    ~~~~~~~~~~~~~~~~^^^^^^^^
  File "C:\Program Files\Python313\Lib\logging\__init__.py", line 1085, in handleError
    traceback.print_stack(frame, file=sys.stderr)
    ~~~~~~~~~~~~~~~~~~~~~^^^^^^^^^^^^^^^^^^^^^^^^
  File "C:\Program Files\Python313\Lib\traceback.py", line 239, in print_stack
    print_list(extract_stack(f, limit=limit), file=file)
    ~~~~~~~~~~^^^^^^^^^^^^^^^^^^^^^^^^^^^^^^^^^^^^^^^^^^
  File "C:\Program Files\Python313\Lib\traceback.py", line 31, in print_list
    print(item, file=file, end="")
    ~~~~~^^^^^^^^^^^^^^^^^^^^^^^^^
  File "C:\Program Files\Python313\Lib\encodings\cp1252.py", line 19, in encode
    return codecs.charmap_encode(input,self.errors,encoding_table)[0]
           ~~~~~~~~~~~~~~~~~~~~~^^^^^^^^^^^^^^^^^^^^^^^^^^^^^^^^^^
UnicodeEncodeError: 'charmap' codec can't encode character '\U0001f4dc' in position 119: character maps to <undefined>
Call stack:
Traceback (most recent call last):
  File "C:\Users\YASH\OneDrive\Documents\Sunrise-Educational-Centre\app.py", line 7302, in <module>
    cleanup_stale_sessions()
    ~~~~~~~~~~~~~~~~~~~~~~^^
Traceback (most recent call last):
  File "C:\Users\YASH\OneDrive\Documents\Sunrise-Educational-Centre\app.py", line 7302, in <module>
    cleanup_stale_sessions()
  File "C:\Users\YASH\OneDrive\Documents\Sunrise-Educational-Centre\app.py", line 6113, in cleanup_stale_sessions
      File "C:\Program Files\Python313\Lib\encodings\cp1252.py", line 19, in encode
    return codecs.charmap_encode(input,self.errors,encoding_table)[0]
UnicodeEncodeError: 'charmap' codec can't encode character '\U0001f9f9' in position 0: character maps to <undefined>
--- Logging error ---
Traceback (most recent call last):
  File "C:\Program Files\Python313\Lib\logging\__init__.py", line 1154, in emit
    stream.write(msg + self.terminator)
    ~~~~~~~~~~~~^^^^^^^^^^^^^^^^^^^^^^^
  File "C:\Program Files\Python313\Lib\encodings\cp1252.py", line 19, in encode
    return codecs.charmap_encode(input,self.errors,encoding_table)[0]
           ~~~~~~~~~~~~~~~~~~~~~^^^^^^^^^^^^^^^^^^^^^^^^^^^^^^^^^^
UnicodeEncodeError: 'charmap' codec can't encode character '\U0001f4dc' in position 37: character maps to <undefined>
Call stack:
--- Logging error ---
Traceback (most recent call last):
  File "C:\Program Files\Python313\Lib\logging\__init__.py", line 1154, in emit
    stream.write(msg + self.terminator)
    ~~~~~~~~~~~~^^^^^^^^^^^^^^^^^^^^^^^
  File "C:\Program Files\Python313\Lib\encodings\cp1252.py", line 19, in encode
    return codecs.charmap_encode(input,self.errors,encoding_table)[0]
           ~~~~~~~~~~~~~~~~~~~~~^^^^^^^^^^^^^^^^^^^^^^^^^^^^^^^^^^
UnicodeEncodeError: 'charmap' codec can't encode character '\U0001f4dc' in position 37: character maps to <undefined>

During handling of the above exception, another exception occurred:

Traceback (most recent call last):
  File "C:\Program Files\Python313\Lib\logging\handlers.py", line 81, in emit
    logging.FileHandler.emit(self, record)
    ~~~~~~~~~~~~~~~~~~~~~~~~^^^^^^^^^^^^^^
  File "C:\Program Files\Python313\Lib\logging\__init__.py", line 1265, in emit
    StreamHandler.emit(self, record)
    ~~~~~~~~~~~~~~~~~~^^^^^^^^^^^^^^
  File "C:\Program Files\Python313\Lib\logging\__init__.py", line 1159, in emit
    self.handleError(record)
    ~~~~~~~~~~~~~~~~^^^^^^^^
  File "C:\Program Files\Python313\Lib\logging\__init__.py", line 1085, in handleError
    traceback.print_stack(frame, file=sys.stderr)
    ~~~~~~~~~~~~~~~~~~~~~^^^^^^^^^^^^^^^^^^^^^^^^
  File "C:\Program Files\Python313\Lib\traceback.py", line 239, in print_stack
    print_list(extract_stack(f, limit=limit), file=file)
    ~~~~~~~~~~^^^^^^^^^^^^^^^^^^^^^^^^^^^^^^^^^^^^^^^^^^
  File "C:\Program Files\Python313\Lib\traceback.py", line 31, in print_list
    print(item, file=file, end="")
    ~~~~~^^^^^^^^^^^^^^^^^^^^^^^^^
  File "C:\Program Files\Python313\Lib\encodings\cp1252.py", line 19, in encode
    return codecs.charmap_encode(input,self.errors,encoding_table)[0]
           ~~~~~~~~~~~~~~~~~~~~~^^^^^^^^^^^^^^^^^^^^^^^^^^^^^^^^^^
UnicodeEncodeError: 'charmap' codec can't encode character '\U0001f4dc' in position 119: character maps to <undefined>
Call stack:
Traceback (most recent call last):
  File "C:\Users\YASH\OneDrive\Documents\Sunrise-Educational-Centre\app.py", line 7302, in <module>
    cleanup_stale_sessions()
    ~~~~~~~~~~~~~~~~~~~~~~^^
Traceback (most recent call last):
  File "C:\Users\YASH\OneDrive\Documents\Sunrise-Educational-Centre\app.py", line 7302, in <module>
    cleanup_stale_sessions()
  File "C:\Users\YASH\OneDrive\Documents\Sunrise-Educational-Centre\app.py", line 6113, in cleanup_stale_sessions
      File "C:\Program Files\Python313\Lib\encodings\cp1252.py", line 19, in encode
    return codecs.charmap_encode(input,self.errors,encoding_table)[0]
UnicodeEncodeError: 'charmap' codec can't encode character '\U0001f9f9' in position 0: character maps to <undefined>
--- Logging error ---
Traceback (most recent call last):
  File "C:\Program Files\Python313\Lib\logging\__init__.py", line 1154, in emit
    stream.write(msg + self.terminator)
    ~~~~~~~~~~~~^^^^^^^^^^^^^^^^^^^^^^^
  File "C:\Program Files\Python313\Lib\encodings\cp1252.py", line 19, in encode
    return codecs.charmap_encode(input,self.errors,encoding_table)[0]
           ~~~~~~~~~~~~~~~~~~~~~^^^^^^^^^^^^^^^^^^^^^^^^^^^^^^^^^^
UnicodeEncodeError: 'charmap' codec can't encode character '\U0001f4dc' in position 37: character maps to <undefined>
Call stack:
--- Logging error ---
Traceback (most recent call last):
  File "C:\Program Files\Python313\Lib\logging\__init__.py", line 1154, in emit
    stream.write(msg + self.terminator)
    ~~~~~~~~~~~~^^^^^^^^^^^^^^^^^^^^^^^
  File "C:\Program Files\Python313\Lib\encodings\cp1252.py", line 19, in encode
    return codecs.charmap_encode(input,self.errors,encoding_table)[0]
           ~~~~~~~~~~~~~~~~~~~~~^^^^^^^^^^^^^^^^^^^^^^^^^^^^^^^^^^
UnicodeEncodeError: 'charmap' codec can't encode character '\U0001f4dc' in position 37: character maps to <undefined>

During handling of the above exception, another exception occurred:

Traceback (most recent call last):
  File "C:\Program Files\Python313\Lib\logging\handlers.py", line 81, in emit
    logging.FileHandler.emit(self, record)
    ~~~~~~~~~~~~~~~~~~~~~~~~^^^^^^^^^^^^^^
  File "C:\Program Files\Python313\Lib\logging\__init__.py", line 1265, in emit
    StreamHandler.emit(self, record)
    ~~~~~~~~~~~~~~~~~~^^^^^^^^^^^^^^
  File "C:\Program Files\Python313\Lib\logging\__init__.py", line 1159, in emit
    self.handleError(record)
    ~~~~~~~~~~~~~~~~^^^^^^^^
  File "C:\Program Files\Python313\Lib\logging\__init__.py", line 1085, in handleError
    traceback.print_stack(frame, file=sys.stderr)
    ~~~~~~~~~~~~~~~~~~~~~^^^^^^^^^^^^^^^^^^^^^^^^
  File "C:\Program Files\Python313\Lib\traceback.py", line 239, in print_stack
    print_list(extract_stack(f, limit=limit), file=file)
    ~~~~~~~~~~^^^^^^^^^^^^^^^^^^^^^^^^^^^^^^^^^^^^^^^^^^
  File "C:\Program Files\Python313\Lib\traceback.py", line 31, in print_list
    print(item, file=file, end="")
    ~~~~~^^^^^^^^^^^^^^^^^^^^^^^^^
  File "C:\Program Files\Python313\Lib\encodings\cp1252.py", line 19, in encode
    return codecs.charmap_encode(input,self.errors,encoding_table)[0]
           ~~~~~~~~~~~~~~~~~~~~~^^^^^^^^^^^^^^^^^^^^^^^^^^^^^^^^^^
UnicodeEncodeError: 'charmap' codec can't encode character '\U0001f4dc' in position 119: character maps to <undefined>
Call stack:
Traceback (most recent call last):
  File "C:\Users\YASH\OneDrive\Documents\Sunrise-Educational-Centre\app.py", line 7320, in <module>
    cleanup_stale_sessions()
    ~~~~~~~~~~~~~~~~~~~~~~^^
Traceback (most recent call last):
  File "C:\Users\YASH\OneDrive\Documents\Sunrise-Educational-Centre\app.py", line 7320, in <module>
    cleanup_stale_sessions()
  File "C:\Users\YASH\OneDrive\Documents\Sunrise-Educational-Centre\app.py", line 6131, in cleanup_stale_sessions
      File "C:\Program Files\Python313\Lib\encodings\cp1252.py", line 19, in encode
    return codecs.charmap_encode(input,self.errors,encoding_table)[0]
UnicodeEncodeError: 'charmap' codec can't encode character '\U0001f9f9' in position 0: character maps to <undefined>
--- Logging error ---
Traceback (most recent call last):
  File "C:\Program Files\Python313\Lib\logging\__init__.py", line 1154, in emit
    stream.write(msg + self.terminator)
    ~~~~~~~~~~~~^^^^^^^^^^^^^^^^^^^^^^^
  File "C:\Program Files\Python313\Lib\encodings\cp1252.py", line 19, in encode
    return codecs.charmap_encode(input,self.errors,encoding_table)[0]
           ~~~~~~~~~~~~~~~~~~~~~^^^^^^^^^^^^^^^^^^^^^^^^^^^^^^^^^^
UnicodeEncodeError: 'charmap' codec can't encode character '\U0001f4dc' in position 37: character maps to <undefined>
Call stack:
--- Logging error ---
Traceback (most recent call last):
  File "C:\Program Files\Python313\Lib\logging\__init__.py", line 1154, in emit
    stream.write(msg + self.terminator)
    ~~~~~~~~~~~~^^^^^^^^^^^^^^^^^^^^^^^
  File "C:\Program Files\Python313\Lib\encodings\cp1252.py", line 19, in encode
    return codecs.charmap_encode(input,self.errors,encoding_table)[0]
           ~~~~~~~~~~~~~~~~~~~~~^^^^^^^^^^^^^^^^^^^^^^^^^^^^^^^^^^
UnicodeEncodeError: 'charmap' codec can't encode character '\U0001f4dc' in position 37: character maps to <undefined>

During handling of the above exception, another exception occurred:

Traceback (most recent call last):
  File "C:\Program Files\Python313\Lib\logging\handlers.py", line 81, in emit
    logging.FileHandler.emit(self, record)
    ~~~~~~~~~~~~~~~~~~~~~~~~^^^^^^^^^^^^^^
  File "C:\Program Files\Python313\Lib\logging\__init__.py", line 1265, in emit
    StreamHandler.emit(self, record)
    ~~~~~~~~~~~~~~~~~~^^^^^^^^^^^^^^
  File "C:\Program Files\Python313\Lib\logging\__init__.py", line 1159, in emit
    self.handleError(record)
    ~~~~~~~~~~~~~~~~^^^^^^^^
  File "C:\Program Files\Python313\Lib\logging\__init__.py", line 1085, in handleError
    traceback.print_stack(frame, file=sys.stderr)
    ~~~~~~~~~~~~~~~~~~~~~^^^^^^^^^^^^^^^^^^^^^^^^
  File "C:\Program Files\Python313\Lib\traceback.py", line 239, in print_stack
    print_list(extract_stack(f, limit=limit), file=file)
    ~~~~~~~~~~^^^^^^^^^^^^^^^^^^^^^^^^^^^^^^^^^^^^^^^^^^
  File "C:\Program Files\Python313\Lib\traceback.py", line 31, in print_list
    print(item, file=file, end="")
    ~~~~~^^^^^^^^^^^^^^^^^^^^^^^^^
  File "C:\Program Files\Python313\Lib\encodings\cp1252.py", line 19, in encode
    return codecs.charmap_encode(input,self.errors,encoding_table)[0]
           ~~~~~~~~~~~~~~~~~~~~~^^^^^^^^^^^^^^^^^^^^^^^^^^^^^^^^^^
UnicodeEncodeError: 'charmap' codec can't encode character '\U0001f4dc' in position 119: character maps to <undefined>
Call stack:
Traceback (most recent call last):
  File "C:\Users\YASH\OneDrive\Documents\Sunrise-Educational-Centre\app.py", line 7325, in <module>
    cleanup_stale_sessions()
    ~~~~~~~~~~~~~~~~~~~~~~^^
Traceback (most recent call last):
  File "C:\Users\YASH\OneDrive\Documents\Sunrise-Educational-Centre\app.py", line 7325, in <module>
    cleanup_stale_sessions()
  File "C:\Users\YASH\OneDrive\Documents\Sunrise-Educational-Centre\app.py", line 6136, in cleanup_stale_sessions
      File "C:\Program Files\Python313\Lib\encodings\cp1252.py", line 19, in encode
    return codecs.charmap_encode(input,self.errors,encoding_table)[0]
UnicodeEncodeError: 'charmap' codec can't encode character '\U0001f9f9' in position 0: character maps to <undefined>
--- Logging error ---
Traceback (most recent call last):
  File "C:\Program Files\Python313\Lib\logging\__init__.py", line 1154, in emit
    stream.write(msg + self.terminator)
    ~~~~~~~~~~~~^^^^^^^^^^^^^^^^^^^^^^^
  File "C:\Program Files\Python313\Lib\encodings\cp1252.py", line 19, in encode
    return codecs.charmap_encode(input,self.errors,encoding_table)[0]
           ~~~~~~~~~~~~~~~~~~~~~^^^^^^^^^^^^^^^^^^^^^^^^^^^^^^^^^^
UnicodeEncodeError: 'charmap' codec can't encode character '\U0001f4dc' in position 37: character maps to <undefined>
Call stack:
--- Logging error ---
Traceback (most recent call last):
  File "C:\Program Files\Python313\Lib\logging\__init__.py", line 1154, in emit
    stream.write(msg + self.terminator)
    ~~~~~~~~~~~~^^^^^^^^^^^^^^^^^^^^^^^
  File "C:\Program Files\Python313\Lib\encodings\cp1252.py", line 19, in encode
    return codecs.charmap_encode(input,self.errors,encoding_table)[0]
           ~~~~~~~~~~~~~~~~~~~~~^^^^^^^^^^^^^^^^^^^^^^^^^^^^^^^^^^
UnicodeEncodeError: 'charmap' codec can't encode character '\U0001f4dc' in position 37: character maps to <undefined>

During handling of the above exception, another exception occurred:

Traceback (most recent call last):
  File "C:\Program Files\Python313\Lib\logging\handlers.py", line 81, in emit
    logging.FileHandler.emit(self, record)
    ~~~~~~~~~~~~~~~~~~~~~~~~^^^^^^^^^^^^^^
  File "C:\Program Files\Python313\Lib\logging\__init__.py", line 1265, in emit
    StreamHandler.emit(self, record)
    ~~~~~~~~~~~~~~~~~~^^^^^^^^^^^^^^
  File "C:\Program Files\Python313\Lib\logging\__init__.py", line 1159, in emit
    self.handleError(record)
    ~~~~~~~~~~~~~~~~^^^^^^^^
  File "C:\Program Files\Python313\Lib\logging\__init__.py", line 1085, in handleError
    traceback.print_stack(frame, file=sys.stderr)
    ~~~~~~~~~~~~~~~~~~~~~^^^^^^^^^^^^^^^^^^^^^^^^
  File "C:\Program Files\Python313\Lib\traceback.py", line 239, in print_stack
    print_list(extract_stack(f, limit=limit), file=file)
    ~~~~~~~~~~^^^^^^^^^^^^^^^^^^^^^^^^^^^^^^^^^^^^^^^^^^
  File "C:\Program Files\Python313\Lib\traceback.py", line 31, in print_list
    print(item, file=file, end="")
    ~~~~~^^^^^^^^^^^^^^^^^^^^^^^^^
  File "C:\Program Files\Python313\Lib\encodings\cp1252.py", line 19, in encode
    return codecs.charmap_encode(input,self.errors,encoding_table)[0]
           ~~~~~~~~~~~~~~~~~~~~~^^^^^^^^^^^^^^^^^^^^^^^^^^^^^^^^^^
UnicodeEncodeError: 'charmap' codec can't encode character '\U0001f4dc' in position 119: character maps to <undefined>
Call stack:
Traceback (most recent call last):
  File "C:\Users\YASH\OneDrive\Documents\Sunrise-Educational-Centre\app.py", line 7325, in <module>
    cleanup_stale_sessions()
    ~~~~~~~~~~~~~~~~~~~~~~^^
Traceback (most recent call last):
  File "C:\Users\YASH\OneDrive\Documents\Sunrise-Educational-Centre\app.py", line 7325, in <module>
    cleanup_stale_sessions()
  File "C:\Users\YASH\OneDrive\Documents\Sunrise-Educational-Centre\app.py", line 6136, in cleanup_stale_sessions
      File "C:\Program Files\Python313\Lib\encodings\cp1252.py", line 19, in encode
    return codecs.charmap_encode(input,self.errors,encoding_table)[0]
UnicodeEncodeError: 'charmap' codec can't encode character '\U0001f9f9' in position 0: character maps to <undefined>
--- Logging error ---
Traceback (most recent call last):
  File "C:\Program Files\Python313\Lib\logging\__init__.py", line 1154, in emit
    stream.write(msg + self.terminator)
    ~~~~~~~~~~~~^^^^^^^^^^^^^^^^^^^^^^^
  File "C:\Program Files\Python313\Lib\encodings\cp1252.py", line 19, in encode
    return codecs.charmap_encode(input,self.errors,encoding_table)[0]
           ~~~~~~~~~~~~~~~~~~~~~^^^^^^^^^^^^^^^^^^^^^^^^^^^^^^^^^^
UnicodeEncodeError: 'charmap' codec can't encode character '\U0001f4dc' in position 37: character maps to <undefined>
Call stack:
--- Logging error ---
Traceback (most recent call last):
  File "C:\Program Files\Python313\Lib\logging\__init__.py", line 1154, in emit
    stream.write(msg + self.terminator)
    ~~~~~~~~~~~~^^^^^^^^^^^^^^^^^^^^^^^
  File "C:\Program Files\Python313\Lib\encodings\cp1252.py", line 19, in encode
    return codecs.charmap_encode(input,self.errors,encoding_table)[0]
           ~~~~~~~~~~~~~~~~~~~~~^^^^^^^^^^^^^^^^^^^^^^^^^^^^^^^^^^
UnicodeEncodeError: 'charmap' codec can't encode character '\U0001f4dc' in position 37: character maps to <undefined>

During handling of the above exception, another exception occurred:

Traceback (most recent call last):
  File "C:\Program Files\Python313\Lib\logging\handlers.py", line 81, in emit
    logging.FileHandler.emit(self, record)
    ~~~~~~~~~~~~~~~~~~~~~~~~^^^^^^^^^^^^^^
  File "C:\Program Files\Python313\Lib\logging\__init__.py", line 1265, in emit
    StreamHandler.emit(self, record)
    ~~~~~~~~~~~~~~~~~~^^^^^^^^^^^^^^
  File "C:\Program Files\Python313\Lib\logging\__init__.py", line 1159, in emit
    self.handleError(record)
    ~~~~~~~~~~~~~~~~^^^^^^^^
  File "C:\Program Files\Python313\Lib\logging\__init__.py", line 1085, in handleError
    traceback.print_stack(frame, file=sys.stderr)
    ~~~~~~~~~~~~~~~~~~~~~^^^^^^^^^^^^^^^^^^^^^^^^
  File "C:\Program Files\Python313\Lib\traceback.py", line 239, in print_stack
    print_list(extract_stack(f, limit=limit), file=file)
    ~~~~~~~~~~^^^^^^^^^^^^^^^^^^^^^^^^^^^^^^^^^^^^^^^^^^
  File "C:\Program Files\Python313\Lib\traceback.py", line 31, in print_list
    print(item, file=file, end="")
    ~~~~~^^^^^^^^^^^^^^^^^^^^^^^^^
  File "C:\Program Files\Python313\Lib\encodings\cp1252.py", line 19, in encode
    return codecs.charmap_encode(input,self.errors,encoding_table)[0]
           ~~~~~~~~~~~~~~~~~~~~~^^^^^^^^^^^^^^^^^^^^^^^^^^^^^^^^^^
UnicodeEncodeError: 'charmap' codec can't encode character '\U0001f4dc' in position 119: character maps to <undefined>
Call stack:
Traceback (most recent call last):
  File "C:\Users\YASH\OneDrive\Documents\Sunrise-Educational-Centre\app.py", line 7327, in <module>
    cleanup_stale_sessions()
    ~~~~~~~~~~~~~~~~~~~~~~^^
Traceback (most recent call last):
  File "C:\Users\YASH\OneDrive\Documents\Sunrise-Educational-Centre\app.py", line 7327, in <module>
    cleanup_stale_sessions()
  File "C:\Users\YASH\OneDrive\Documents\Sunrise-Educational-Centre\app.py", line 6138, in cleanup_stale_sessions
      File "C:\Program Files\Python313\Lib\encodings\cp1252.py", line 19, in encode
    return codecs.charmap_encode(input,self.errors,encoding_table)[0]
UnicodeEncodeError: 'charmap' codec can't encode character '\U0001f9f9' in position 0: character maps to <undefined>
--- Logging error ---
Traceback (most recent call last):
  File "C:\Program Files\Python313\Lib\logging\__init__.py", line 1154, in emit
    stream.write(msg + self.terminator)
    ~~~~~~~~~~~~^^^^^^^^^^^^^^^^^^^^^^^
  File "C:\Program Files\Python313\Lib\encodings\cp1252.py", line 19, in encode
    return codecs.charmap_encode(input,self.errors,encoding_table)[0]
           ~~~~~~~~~~~~~~~~~~~~~^^^^^^^^^^^^^^^^^^^^^^^^^^^^^^^^^^
UnicodeEncodeError: 'charmap' codec can't encode character '\U0001f4dc' in position 37: character maps to <undefined>
Call stack:
--- Logging error ---
Traceback (most recent call last):
  File "C:\Program Files\Python313\Lib\logging\__init__.py", line 1154, in emit
    stream.write(msg + self.terminator)
    ~~~~~~~~~~~~^^^^^^^^^^^^^^^^^^^^^^^
  File "C:\Program Files\Python313\Lib\encodings\cp1252.py", line 19, in encode
    return codecs.charmap_encode(input,self.errors,encoding_table)[0]
           ~~~~~~~~~~~~~~~~~~~~~^^^^^^^^^^^^^^^^^^^^^^^^^^^^^^^^^^
UnicodeEncodeError: 'charmap' codec can't encode character '\U0001f4dc' in position 37: character maps to <undefined>

During handling of the above exception, another exception occurred:

Traceback (most recent call last):
  File "C:\Program Files\Python313\Lib\logging\handlers.py", line 81, in emit
    logging.FileHandler.emit(self, record)
    ~~~~~~~~~~~~~~~~~~~~~~~~^^^^^^^^^^^^^^
  File "C:\Program Files\Python313\Lib\logging\__init__.py", line 1265, in emit
    StreamHandler.emit(self, record)
    ~~~~~~~~~~~~~~~~~~^^^^^^^^^^^^^^
  File "C:\Program Files\Python313\Lib\logging\__init__.py", line 1159, in emit
    self.handleError(record)
    ~~~~~~~~~~~~~~~~^^^^^^^^
  File "C:\Program Files\Python313\Lib\logging\__init__.py", line 1085, in handleError
    traceback.print_stack(frame, file=sys.stderr)
    ~~~~~~~~~~~~~~~~~~~~~^^^^^^^^^^^^^^^^^^^^^^^^
  File "C:\Program Files\Python313\Lib\traceback.py", line 239, in print_stack
    print_list(extract_stack(f, limit=limit), file=file)
    ~~~~~~~~~~^^^^^^^^^^^^^^^^^^^^^^^^^^^^^^^^^^^^^^^^^^
  File "C:\Program Files\Python313\Lib\traceback.py", line 31, in print_list
    print(item, file=file, end="")
    ~~~~~^^^^^^^^^^^^^^^^^^^^^^^^^
  File "C:\Program Files\Python313\Lib\encodings\cp1252.py", line 19, in encode
    return codecs.charmap_encode(input,self.errors,encoding_table)[0]
           ~~~~~~~~~~~~~~~~~~~~~^^^^^^^^^^^^^^^^^^^^^^^^^^^^^^^^^^
UnicodeEncodeError: 'charmap' codec can't encode character '\U0001f4dc' in position 119: character maps to <undefined>
Call stack:
Traceback (most recent call last):
  File "C:\Users\YASH\OneDrive\Documents\Sunrise-Educational-Centre\app.py", line 7327, in <module>
    cleanup_stale_sessions()
    ~~~~~~~~~~~~~~~~~~~~~~^^
Traceback (most recent call last):
  File "C:\Users\YASH\OneDrive\Documents\Sunrise-Educational-Centre\app.py", line 7327, in <module>
    cleanup_stale_sessions()
  File "C:\Users\YASH\OneDrive\Documents\Sunrise-Educational-Centre\app.py", line 6138, in cleanup_stale_sessions
      File "C:\Program Files\Python313\Lib\encodings\cp1252.py", line 19, in encode
    return codecs.charmap_encode(input,self.errors,encoding_table)[0]
UnicodeEncodeError: 'charmap' codec can't encode character '\U0001f9f9' in position 0: character maps to <undefined>
--- Logging error ---
Traceback (most recent call last):
  File "C:\Program Files\Python313\Lib\logging\__init__.py", line 1154, in emit
    stream.write(msg + self.terminator)
    ~~~~~~~~~~~~^^^^^^^^^^^^^^^^^^^^^^^
  File "C:\Program Files\Python313\Lib\encodings\cp1252.py", line 19, in encode
    return codecs.charmap_encode(input,self.errors,encoding_table)[0]
           ~~~~~~~~~~~~~~~~~~~~~^^^^^^^^^^^^^^^^^^^^^^^^^^^^^^^^^^
UnicodeEncodeError: 'charmap' codec can't encode character '\U0001f4dc' in position 37: character maps to <undefined>
Call stack:
--- Logging error ---
Traceback (most recent call last):
  File "C:\Program Files\Python313\Lib\logging\__init__.py", line 1154, in emit
    stream.write(msg + self.terminator)
    ~~~~~~~~~~~~^^^^^^^^^^^^^^^^^^^^^^^
  File "C:\Program Files\Python313\Lib\encodings\cp1252.py", line 19, in encode
    return codecs.charmap_encode(input,self.errors,encoding_table)[0]
           ~~~~~~~~~~~~~~~~~~~~~^^^^^^^^^^^^^^^^^^^^^^^^^^^^^^^^^^
UnicodeEncodeError: 'charmap' codec can't encode character '\U0001f4dc' in position 37: character maps to <undefined>

During handling of the above exception, another exception occurred:

Traceback (most recent call last):
  File "C:\Program Files\Python313\Lib\logging\handlers.py", line 81, in emit
    logging.FileHandler.emit(self, record)
    ~~~~~~~~~~~~~~~~~~~~~~~~^^^^^^^^^^^^^^
  File "C:\Program Files\Python313\Lib\logging\__init__.py", line 1265, in emit
    StreamHandler.emit(self, record)
    ~~~~~~~~~~~~~~~~~~^^^^^^^^^^^^^^
  File "C:\Program Files\Python313\Lib\logging\__init__.py", line 1159, in emit
    self.handleError(record)
    ~~~~~~~~~~~~~~~~^^^^^^^^
  File "C:\Program Files\Python313\Lib\logging\__init__.py", line 1085, in handleError
    traceback.print_stack(frame, file=sys.stderr)
    ~~~~~~~~~~~~~~~~~~~~~^^^^^^^^^^^^^^^^^^^^^^^^
  File "C:\Program Files\Python313\Lib\traceback.py", line 239, in print_stack
    print_list(extract_stack(f, limit=limit), file=file)
    ~~~~~~~~~~^^^^^^^^^^^^^^^^^^^^^^^^^^^^^^^^^^^^^^^^^^
  File "C:\Program Files\Python313\Lib\traceback.py", line 31, in print_list
    print(item, file=file, end="")
    ~~~~~^^^^^^^^^^^^^^^^^^^^^^^^^
  File "C:\Program Files\Python313\Lib\encodings\cp1252.py", line 19, in encode
    return codecs.charmap_encode(input,self.errors,encoding_table)[0]
           ~~~~~~~~~~~~~~~~~~~~~^^^^^^^^^^^^^^^^^^^^^^^^^^^^^^^^^^
UnicodeEncodeError: 'charmap' codec can't encode character '\U0001f4dc' in position 119: character maps to <undefined>
Call stack:
Traceback (most recent call last):
  File "C:\Users\YASH\OneDrive\Documents\Sunrise-Educational-Centre\app.py", line 7327, in <module>
    cleanup_stale_sessions()
    ~~~~~~~~~~~~~~~~~~~~~~^^
Traceback (most recent call last):
  File "C:\Users\YASH\OneDrive\Documents\Sunrise-Educational-Centre\app.py", line 7327, in <module>
    cleanup_stale_sessions()
  File "C:\Users\YASH\OneDrive\Documents\Sunrise-Educational-Centre\app.py", line 6138, in cleanup_stale_sessions
      File "C:\Program Files\Python313\Lib\encodings\cp1252.py", line 19, in encode
    return codecs.charmap_encode(input,self.errors,encoding_table)[0]
UnicodeEncodeError: 'charmap' codec can't encode character '\U0001f9f9' in position 0: character maps to <undefined>
